<?xml version="1.0" encoding="UTF-8"?>
<testsuite xmlns:xsi="http://www.w3.org/2001/XMLSchema-instance" xsi:noNamespaceSchemaLocation="https://maven.apache.org/surefire/maven-surefire-plugin/xsd/surefire-test-report-3.0.xsd" version="3.0" name="org.example.ShapeDescriberTest" time="0.053" tests="1" errors="0" skipped="0" failures="0">
  <properties>
[...]
</properties>
  <testcase name="testDescribe" classname="org.example.ShapeDescriberTest" time="0.03">
    <system-err><![CDATA[[main] INFO org.example.ShapeDescriber - Shape: Rectangle
[main] INFO org.example.ShapeDescriber - Color: Red: 255, Green: 0, Blue: 0, Alpha: 255
[main] INFO org.example.ShapeDescriber - Area: 50.0
[main] INFO org.example.ShapeDescriber - Perimeter: 30.0
]]></system-err>
  </testcase>
</testsuite>